[debug] [2026-06-20T01:26:48.081Z] ----------------------------------------------------------------------
[debug] [2026-06-20T01:26:48.083Z] Command:       D:\node.exe C:\Users\Lenovo\AppData\Roaming\npm\node_modules\firebase-tools\lib\bin\firebase.js login:ci
[debug] [2026-06-20T01:26:48.084Z] CLI Version:   15.22.0
[debug] [2026-06-20T01:26:48.084Z] Platform:      win32
[debug] [2026-06-20T01:26:48.084Z] Node Version:  v24.17.0
[debug] [2026-06-20T01:26:48.084Z] Detected Agent: unknown
[debug] [2026-06-20T01:26:48.084Z] Time:          Sat Jun 20 2026 08:26:48 GMT+0700 (Western Indonesia Time)
[debug] [2026-06-20T01:26:48.084Z] ----------------------------------------------------------------------
[debug] 
[warn] !  Authenticating with a `login:ci` token is deprecated and will be removed in a future major version of `firebase-tools`. Instead, use a service account key with `GOOGLE_APPLICATION_CREDENTIALS`: https://cloud.google.com/docs/authentication/getting-started 
[info] 
[info] Visit this URL on this device to log in:
[info] https://accounts.google.com/o/oauth2/auth?client_id=563584335869-fgrhgmd47bqnekij5i8b5pr03ho849e6.apps.googleusercontent.com&scope=email%20openid%20https%3A%2F%2Fwww.googleapis.com%2Fauth%2Fcloudplatformprojects.readonly%20https%3A%2F%2Fwww.googleapis.com%2Fauth%2Ffirebase%20https%3A%2F%2Fwww.googleapis.com%2Fauth%2Fcloud-platform&response_type=code&state=1059944745&redirect_uri=http%3A%2F%2Flocalhost%3A9005
[info] 
[info] Waiting for authentication...
[debug] [2026-06-20T01:26:54.887Z] >>> [apiv2][query] POST https://accounts.google.com/o/oauth2/token [none]
[debug] [2026-06-20T01:26:54.888Z] >>> [apiv2][body] POST https://accounts.google.com/o/oauth2/token [omitted]
[debug] [2026-06-20T01:26:55.074Z] Token Fetch Error: FirebaseError: FetchError: Invalid response body while trying to fetch https://accounts.google.com/o/oauth2/token: Premature close
    at RetryOperation._fn (C:\Users\Lenovo\AppData\Roaming\npm\node_modules\firebase-tools\lib\apiv2.js:317:88)
    at process.processTicksAndRejections (node:internal/process/task_queues:104:5)
[error] Authentication Error: Your credentials are no longer valid. Please run firebase login --reauth

For CI servers and headless environments, generate a new token with firebase login:ci
[debug] [2026-06-20T01:26:55.082Z] >>> [apiv2][query] POST https://auth.firebase.tools/attest [none]
[debug] [2026-06-20T01:26:55.082Z] >>> [apiv2][body] POST https://auth.firebase.tools/attest {"session_id":"f95cb391-0f92-4bd2-b8ed-0ea646757545"}
[debug] [2026-06-20T01:26:55.460Z] <<< [apiv2][status] POST https://auth.firebase.tools/attest 200
[debug] [2026-06-20T01:26:55.460Z] <<< [apiv2][body] POST https://auth.firebase.tools/attest {"token":"Iw5a9jgflJHt-D00TohYNTaQ6ntEm5Vap-cfL9mDI4w"}
[info] 
[info] To sign in to the Firebase CLI:
[info] 
[info] 1. Take note of your session ID:
[info] 
[info]    F95CB
[info] 
[info] 2. Visit the URL below on any device and follow the instructions to get your code:
[info] 
[info]    https://auth.firebase.tools/login?code_challenge=TtNrKM9rs_j53hugbKRDYJ8ReeRn6jOxfHpQmACU6l4&session=f95cb391-0f92-4bd2-b8ed-0ea646757545&attest=Iw5a9jgflJHt-D00TohYNTaQ6ntEm5Vap-cfL9mDI4w
[info] 
[info] 3. Paste or enter the authorization code below once you have it:
[info] 
